TN:
SF:src/app.ts
FNF:0
FNH:0
DA:7,1
DA:8,1
DA:9,1
DA:11,1
DA:12,1
LF:5
LH:5
BRF:0
BRH:0
end_of_record
TN:
SF:src/database.ts
FNF:0
FNH:0
DA:3,1
DA:4,1
LF:2
LH:2
BRF:0
BRH:0
end_of_record
TN:
SF:src/controllers/recommendationController.ts
FN:6,insert
FN:17,upvote
FN:25,downvote
FN:33,random
FN:39,get
FN:44,getTop
FN:51,getById
FNF:7
FNH:3
FNDA:5,insert
FNDA:2,upvote
FNDA:3,downvote
FNDA:0,random
FNDA:0,get
FNDA:0,getTop
FNDA:0,getById
DA:7,5
DA:8,5
DA:9,2
DA:12,3
DA:14,2
DA:18,2
DA:20,2
DA:22,1
DA:26,3
DA:28,3
DA:30,2
DA:34,0
DA:36,0
DA:40,0
DA:41,0
DA:45,0
DA:47,0
DA:48,0
DA:52,0
DA:54,0
DA:55,0
DA:58,1
LF:22
LH:12
BRDA:8,0,0,2
BRF:1
BRH:1
end_of_record
TN:
SF:src/middlewares/errorHandlerMiddleware.ts
FN:8,errorHandlerMiddleware
FNF:1
FNH:1
FNDA:5,errorHandlerMiddleware
DA:14,5
DA:16,5
DA:17,5
DA:20,0
LF:4
LH:3
BRDA:16,0,0,5
BRF:1
BRH:1
end_of_record
TN:
SF:src/repositories/recommendationRepository.ts
FN:5,create
FN:16,findAll
FN:26,getAmountByScore
FN:33,getFindAllFilter
FN:45,find
FN:51,findByName
FN:57,updateScore
FN:66,remove
FNF:8
FNH:4
FNDA:2,create
FNDA:0,findAll
FNDA:0,getAmountByScore
FNDA:0,getFindAllFilter
FNDA:5,find
FNDA:3,findByName
FNDA:3,updateScore
FNDA:0,remove
DA:6,2
DA:17,0
DA:19,0
DA:27,0
DA:36,0
DA:38,0
DA:40,0
DA:46,5
DA:52,3
DA:58,3
DA:67,0
DA:72,1
LF:12
LH:5
BRDA:36,0,0,0
BRF:1
BRH:0
end_of_record
TN:
SF:src/routers/recommendationRouter.ts
FNF:0
FNH:0
DA:4,1
DA:6,1
DA:7,1
DA:8,1
DA:9,1
DA:10,1
DA:11,1
DA:12,1
LF:8
LH:8
BRF:0
BRH:0
end_of_record
TN:
SF:src/schemas/recommendationsSchemas.ts
FNF:0
FNH:0
DA:4,1
DA:6,1
LF:2
LH:2
BRF:0
BRH:0
end_of_record
TN:
SF:src/services/recommendationsService.ts
FN:7,insert
FN:17,upvote
FN:23,downvote
FN:35,getByIdOrFail
FN:42,get
FN:46,getTop
FN:50,getRandom
FN:63,getByScore
FN:76,getScoreFilter
FNF:9
FNH:4
FNDA:3,insert
FNDA:2,upvote
FNDA:3,downvote
FNDA:5,getByIdOrFail
FNDA:0,get
FNDA:0,getTop
FNDA:0,getRandom
FNDA:0,getByScore
FNDA:0,getScoreFilter
DA:8,3
DA:11,3
DA:12,1
DA:14,2
DA:18,2
DA:20,1
DA:24,3
DA:26,2
DA:30,2
DA:31,0
DA:36,5
DA:37,5
DA:39,3
DA:43,0
DA:47,0
DA:51,0
DA:52,0
DA:54,0
DA:55,0
DA:56,0
DA:59,0
DA:60,0
DA:64,0
DA:69,0
DA:70,0
DA:73,0
DA:77,0
DA:78,0
DA:81,0
DA:84,1
LF:30
LH:13
BRDA:11,0,0,1
BRDA:30,1,0,0
BRDA:37,2,0,2
BRDA:55,3,0,0
BRDA:69,4,0,0
BRDA:77,5,0,0
BRF:6
BRH:2
end_of_record
TN:
SF:src/utils/errorUtils.ts
FN:7,isAppError
FN:11,errorTypeToStatusCode
FN:19,conflictError
FN:23,notFoundError
FN:27,unauthorizedError
FN:31,wrongSchemaError
FNF:6
FNH:5
FNDA:5,isAppError
FNDA:5,errorTypeToStatusCode
FNDA:1,conflictError
FNDA:2,notFoundError
FNDA:0,unauthorizedError
FNDA:2,wrongSchemaError
DA:8,5
DA:12,5
DA:13,4
DA:14,2
DA:15,2
DA:16,0
DA:20,1
DA:24,2
DA:28,0
DA:32,2
LF:10
LH:8
BRDA:12,0,0,1
BRDA:13,1,0,2
BRDA:14,2,0,0
BRDA:15,3,0,2
BRDA:20,4,0,1
BRDA:20,4,1,0
BRDA:20,5,0,1
BRDA:20,5,1,1
BRDA:24,6,0,0
BRDA:24,6,1,2
BRDA:24,7,0,2
BRDA:24,7,1,2
BRDA:28,8,0,0
BRDA:28,8,1,0
BRDA:28,9,0,0
BRDA:28,9,1,0
BRDA:32,10,0,0
BRDA:32,10,1,2
BRDA:32,11,0,2
BRDA:32,11,1,2
BRF:20
BRH:12
end_of_record
TN:
SF:testes/factory/factory.ts
FN:4,createDataPostRecommendation
FN:12,createRecommendation
FN:22,randonId
FN:28,createRecommendationBadScore
FNF:4
FNH:4
FNDA:5,createDataPostRecommendation
FNDA:2,createRecommendation
FNDA:2,randonId
FNDA:1,createRecommendationBadScore
DA:5,5
DA:9,5
DA:13,2
DA:14,2
DA:17,2
DA:23,2
DA:24,2
DA:25,2
DA:29,1
DA:30,1
DA:33,1
DA:36,1
DA:42,1
LF:13
LH:13
BRF:0
BRH:0
end_of_record
